h:\project\opengl_c_l\customengine\customengine\x64\debug\vc143.pdb
h:\project\opengl_c_l\customengine\customengine\x64\debug\vc143.idb
h:\project\opengl_c_l\customengine\customengine\x64\debug\glad.obj
h:\project\opengl_c_l\customengine\customengine\x64\debug\shaders.obj
h:\project\opengl_c_l\customengine\customengine\x64\debug\scene.obj
h:\project\opengl_c_l\customengine\customengine\x64\debug\render.obj
h:\project\opengl_c_l\customengine\customengine\x64\debug\mesh.obj
h:\project\opengl_c_l\customengine\customengine\x64\debug\material.obj
h:\project\opengl_c_l\customengine\customengine\x64\debug\customengine.obj
h:\project\opengl_c_l\customengine\customengine\x64\debug\cube.obj
h:\project\opengl_c_l\customengine\customengine\x64\debug\camera.obj
h:\project\opengl_c_l\customengine\customengine\x64\debug\imgui_widgets.obj
h:\project\opengl_c_l\customengine\customengine\x64\debug\imgui_tables.obj
h:\project\opengl_c_l\customengine\customengine\x64\debug\imgui_draw.obj
h:\project\opengl_c_l\customengine\customengine\x64\debug\imgui_demo.obj
h:\project\opengl_c_l\customengine\customengine\x64\debug\imgui.obj
h:\project\opengl_c_l\customengine\customengine\x64\debug\imgui_impl_opengl3.obj
h:\project\opengl_c_l\customengine\customengine\x64\debug\imgui_impl_glfw.obj
h:\project\opengl_c_l\customengine\x64\debug\customengine.exe
h:\project\opengl_c_l\customengine\customengine\x64\debug\customengine.ilk
h:\project\opengl_c_l\customengine\x64\debug\customengine.pdb
h:\project\opengl_c_l\customengine\customengine\x64\debug\customengine.tlog\cl.command.1.tlog
h:\project\opengl_c_l\customengine\customengine\x64\debug\customengine.tlog\cl.items.tlog
h:\project\opengl_c_l\customengine\customengine\x64\debug\customengine.tlog\cl.read.1.tlog
h:\project\opengl_c_l\customengine\customengine\x64\debug\customengine.tlog\cl.write.1.tlog
h:\project\opengl_c_l\customengine\customengine\x64\debug\customengine.tlog\link.command.1.tlog
h:\project\opengl_c_l\customengine\customengine\x64\debug\customengine.tlog\link.read.1.tlog
h:\project\opengl_c_l\customengine\customengine\x64\debug\customengine.tlog\link.write.1.tlog
