  CustomEngine.cpp
H:\Project\dazuoye\work\OpenGLWork\CustomEngine\Camera.h(43,11): warning C4305: “初始化”: 从“double”到“float”截断
H:\Project\dazuoye\work\OpenGLWork\CustomEngine\Camera.h(43,21): warning C4305: “初始化”: 从“double”到“float”截断
H:\Project\dazuoye\work\OpenGLWork\CustomEngine\Camera.h(92,1): warning C4305: “+=”: 从“double”到“float”截断
H:\Project\dazuoye\work\OpenGLWork\CustomEngine\Camera.h(96,1): warning C4305: “-=”: 从“double”到“float”截断
H:\Project\dazuoye\work\OpenGLWork\CustomEngine\Camera.h(97,29): warning C4305: “参数”: 从“double”到“const _Ty”截断
          with
          [
              _Ty=float
          ]
H:\Project\dazuoye\work\OpenGLWork\CustomEngine\Camera.h(100,1): warning C4305: “+=”: 从“double”到“float”截断
H:\Project\dazuoye\work\OpenGLWork\CustomEngine\Camera.h(104,1): warning C4305: “-=”: 从“double”到“float”截断
H:\Project\dazuoye\work\OpenGLWork\CustomEngine\Camera.h(105,29): warning C4305: “参数”: 从“double”到“const _Ty”截断
          with
          [
              _Ty=float
          ]
H:\Project\dazuoye\work\OpenGLWork\CustomEngine\Camera.h(130,1): warning C4305: “*=”: 从“double”到“float”截断
H:\Project\dazuoye\work\OpenGLWork\CustomEngine\Camera.h(131,1): warning C4305: “*=”: 从“double”到“float”截断
H:\Project\dazuoye\work\OpenGLWork\CustomEngine\StageInfo.h(46,38): warning C4305: “参数”: 从“double”到“float”截断
H:\Project\dazuoye\work\OpenGLWork\CustomEngine\StageInfo.h(46,28): warning C4305: “参数”: 从“double”到“float”截断
H:\Project\dazuoye\work\OpenGLWork\CustomEngine\StageInfo.h(58,38): warning C4305: “参数”: 从“double”到“float”截断
H:\Project\dazuoye\work\OpenGLWork\CustomEngine\StageInfo.h(58,33): warning C4305: “参数”: 从“double”到“float”截断
H:\Project\dazuoye\work\OpenGLWork\CustomEngine\StageInfo.h(58,28): warning C4305: “参数”: 从“double”到“float”截断
H:\Project\dazuoye\work\OpenGLWork\CustomEngine\StageInfo.h(68,38): warning C4305: “参数”: 从“double”到“float”截断
H:\Project\dazuoye\work\OpenGLWork\CustomEngine\StageInfo.h(68,33): warning C4305: “参数”: 从“double”到“float”截断
H:\Project\dazuoye\work\OpenGLWork\CustomEngine\StageInfo.h(68,28): warning C4305: “参数”: 从“double”到“float”截断
H:\Project\dazuoye\work\OpenGLWork\CustomEngine\StageInfo.h(79,38): warning C4305: “参数”: 从“double”到“float”截断
H:\Project\dazuoye\work\OpenGLWork\CustomEngine\StageInfo.h(79,33): warning C4305: “参数”: 从“double”到“float”截断
H:\Project\dazuoye\work\OpenGLWork\CustomEngine\StageInfo.h(79,28): warning C4305: “参数”: 从“double”到“float”截断
H:\Project\dazuoye\work\OpenGLWork\CustomEngine\CustomEngine.cpp(70,31): warning C4305: “参数”: 从“double”到“float”截断
H:\Project\dazuoye\work\OpenGLWork\CustomEngine\CustomEngine.cpp(71,31): warning C4305: “参数”: 从“double”到“float”截断
H:\Project\dazuoye\work\OpenGLWork\CustomEngine\CustomEngine.cpp(203,64): warning C4244: “参数”: 从“int”转换到“float”，可能丢失数据
H:\Project\dazuoye\work\OpenGLWork\CustomEngine\CustomEngine.cpp(203,102): warning C4244: “参数”: 从“int”转换到“float”，可能丢失数据
H:\Project\dazuoye\work\OpenGLWork\CustomEngine\CustomEngine.cpp(204,65): warning C4244: “参数”: 从“int”转换到“float”，可能丢失数据
H:\Project\dazuoye\work\OpenGLWork\CustomEngine\CustomEngine.cpp(380,34): warning C4244: “=”: 从“double”转换到“float”，可能丢失数据
H:\Project\dazuoye\work\OpenGLWork\CustomEngine\CustomEngine.cpp(446,57): warning C4305: “+=”: 从“double”到“float”截断
H:\Project\dazuoye\work\OpenGLWork\CustomEngine\CustomEngine.cpp(453,97): warning C4244: “参数”: 从“double”转换到“float”，可能丢失数据
H:\Project\dazuoye\work\OpenGLWork\CustomEngine\CustomEngine.cpp(462,101): warning C4244: “参数”: 从“double”转换到“float”，可能丢失数据
H:\Project\dazuoye\work\OpenGLWork\CustomEngine\CustomEngine.cpp(550,78): warning C4244: “参数”: 从“double”转换到“float”，可能丢失数据
H:\Project\dazuoye\work\OpenGLWork\CustomEngine\CustomEngine.cpp(568,75): warning C4244: “参数”: 从“double”转换到“float”，可能丢失数据
H:\Project\dazuoye\work\OpenGLWork\CustomEngine\CustomEngine.cpp(569,48): warning C4244: “=”: 从“double”转换到“float”，可能丢失数据
H:\Project\dazuoye\work\OpenGLWork\CustomEngine\CustomEngine.cpp(651,62): warning C4244: “参数”: 从“double”转换到“float”，可能丢失数据
H:\Project\dazuoye\work\OpenGLWork\CustomEngine\CustomEngine.cpp(652,60): warning C4244: “参数”: 从“double”转换到“float”，可能丢失数据
H:\Project\dazuoye\work\OpenGLWork\CustomEngine\CustomEngine.cpp(653,59): warning C4244: “参数”: 从“double”转换到“float”，可能丢失数据
H:\Project\dazuoye\work\OpenGLWork\CustomEngine\CustomEngine.cpp(654,63): warning C4244: “参数”: 从“double”转换到“float”，可能丢失数据
H:\Project\dazuoye\work\OpenGLWork\CustomEngine\CustomEngine.cpp(655,72): warning C4244: “参数”: 从“int”转换到“float”，可能丢失数据
H:\Project\dazuoye\work\OpenGLWork\CustomEngine\CustomEngine.cpp(655,110): warning C4244: “参数”: 从“int”转换到“float”，可能丢失数据
H:\Project\dazuoye\work\OpenGLWork\CustomEngine\CustomEngine.cpp(283,10): warning C4101: “activateCR”: 未引用的局部变量
H:\Project\dazuoye\work\OpenGLWork\CustomEngine\CustomEngine.cpp(282,10): warning C4101: “activateCT”: 未引用的局部变量
H:\Project\dazuoye\work\OpenGLWork\CustomEngine\CustomEngine.cpp(281,10): warning C4101: “activateB”: 未引用的局部变量
  CustomEngine.vcxproj -> H:\Project\dazuoye\work\OpenGLWork\x64\Debug\CustomEngine.exe
